#
# There is insufficient memory for the Java Runtime Environment to continue.
# Native memory allocation (malloc) failed to allocate 1048576 bytes for AllocateHeap
# Possible reasons:
#   The system is out of physical RAM or swap space
#   In 32 bit mode, the process size limit was hit
# Possible solutions:
#   Reduce memory load on the system
#   Increase physical memory or swap space
#   Check if swap backing store is full
#   Use 64 bit Java on a 64 bit OS
#   Decrease Java heap size (-Xmx/-Xms)
#   Decrease number of Java threads
#   Decrease Java thread stack sizes (-Xss)
#   Set larger code cache with -XX:ReservedCodeCacheSize=
# This output file may be truncated or incomplete.
#
#  Out of Memory Error (memory/allocation.inline.hpp:61), pid=6032, tid=14288
#
# JRE version:  (8.0_71-b15) (build )
# Java VM: Java HotSpot(TM) 64-Bit Server VM (25.71-b15 mixed mode windows-amd64 compressed oops)
# Failed to write core dump. Minidumps are not enabled by default on client versions of Windows
#

---------------  T H R E A D  ---------------

Current thread (0x0000000002261000):  JavaThread "Unknown thread" [_thread_in_vm, id=14288, stack(0x0000000002100000,0x0000000002200000)]

Stack: [0x0000000002100000,0x0000000002200000]
[error occurred during error reporting (printing stack bounds), id 0xc0000005]

Native frames: (J=compiled Java code, j=interpreted, Vv=VM code, C=native code)


---------------  P R O C E S S  ---------------

Java Threads: ( => current thread )

Other Threads:

=>0x0000000002261000 (exited) JavaThread "Unknown thread" [_thread_in_vm, id=14288, stack(0x0000000002100000,0x0000000002200000)]

VM state:not at safepoint (normal execution)

VM Mutex/Monitor currently owned by a thread: None

Heap:
 PSYoungGen      total 38400K, used 665K [0x00000000d5f00000, 0x00000000d8980000, 0x0000000100000000)
  eden space 33280K, 2% used [0x00000000d5f00000,0x00000000d5fa6670,0x00000000d7f80000)
  from space 5120K, 0% used [0x00000000d8480000,0x00000000d8480000,0x00000000d8980000)
  to   space 5120K, 0% used [0x00000000d7f80000,0x00000000d7f80000,0x00000000d8480000)
 ParOldGen       total 87552K, used 0K [0x0000000081c00000, 0x0000000087180000, 0x00000000d5f00000)
  object space 87552K, 0% used [0x0000000081c00000,0x0000000081c00000,0x0000000087180000)
 Metaspace       used 746K, capacity 4480K, committed 4480K, reserved 1056768K
  class space    used 75K, capacity 384K, committed 384K, reserved 1048576K

Card table byte_map: [0x0000000011720000,0x0000000011b20000] byte_map_base: 0x0000000011312000

Marking Bits: (ParMarkBitMap*) 0x00000000590cf600
 Begin Bits: [0x00000000125d0000, 0x0000000014560000)
 End Bits:   [0x0000000014560000, 0x00000000164f0000)

Polling page: 0x0000000002200000

CodeCache: size=245760Kb used=328Kb max_used=328Kb free=245431Kb
 bounds [0x0000000002360000, 0x00000000025d0000, 0x0000000011360000]
 total_blobs=57 nmethods=0 adapters=37
 compilation: enabled

Compilation events (0 events):
No events

GC Heap History (0 events):
No events

Deoptimization events (0 events):
No events

Internal exceptions (0 events):
No events

Events (10 events):
Event: 0.027 loading class java/lang/Short
Event: 0.027 loading class java/lang/Short done
Event: 0.027 loading class java/lang/Integer
Event: 0.027 loading class java/lang/Integer done
Event: 0.027 loading class java/lang/Long
Event: 0.027 loading class java/lang/Long done
Event: 0.030 loading class java/lang/NullPointerException
Event: 0.030 loading class java/lang/NullPointerException done
Event: 0.030 loading class java/lang/ArithmeticException
Event: 0.030 loading class java/lang/ArithmeticException done


Dynamic libraries:
0x00007ff629090000 - 0x00007ff6290c7000 	C:\Program Files\Java\jre1.8.0_71\bin\javaw.exe
0x00007ff948de0000 - 0x00007ff948fa1000 	C:\WINDOWS\SYSTEM32\ntdll.dll
0x00007ff946280000 - 0x00007ff94632d000 	C:\WINDOWS\system32\KERNEL32.DLL
0x00007ff9455d0000 - 0x00007ff9457b8000 	C:\WINDOWS\system32\KERNELBASE.dll
0x00007ff947710000 - 0x00007ff9477b7000 	C:\WINDOWS\system32\ADVAPI32.dll
0x00007ff9461e0000 - 0x00007ff94627d000 	C:\WINDOWS\system32\msvcrt.dll
0x00007ff9474f0000 - 0x00007ff94754b000 	C:\WINDOWS\system32\sechost.dll
0x00007ff946650000 - 0x00007ff94676c000 	C:\WINDOWS\system32\RPCRT4.dll
0x00007ff947550000 - 0x00007ff9476a6000 	C:\WINDOWS\system32\USER32.dll
0x00007ff946d70000 - 0x00007ff946ef6000 	C:\WINDOWS\system32\GDI32.dll
0x00007ff93f6d0000 - 0x00007ff93f944000 	C:\WINDOWS\WinSxS\amd64_microsoft.windows.common-controls_6595b64144ccf1df_6.0.10586.0_none_8c15ae12515e1c22\COMCTL32.dll
0x00007ff9463a0000 - 0x00007ff94661d000 	C:\WINDOWS\system32\combase.dll
0x00007ff946170000 - 0x00007ff9461da000 	C:\WINDOWS\system32\bcryptPrimitives.dll
0x00007ff947830000 - 0x00007ff94786b000 	C:\WINDOWS\system32\IMM32.DLL
0x0000000058700000 - 0x00000000587d2000 	C:\Program Files\Java\jre1.8.0_71\bin\msvcr100.dll
0x00000000588c0000 - 0x000000005914f000 	C:\Program Files\Java\jre1.8.0_71\bin\server\jvm.dll
0x00007ff946620000 - 0x00007ff946628000 	C:\WINDOWS\system32\PSAPI.DLL
0x00007ff92bc20000 - 0x00007ff92bc29000 	C:\WINDOWS\SYSTEM32\WSOCK32.dll
0x00007ff943a20000 - 0x00007ff943a43000 	C:\WINDOWS\SYSTEM32\WINMM.dll
0x00007ff946330000 - 0x00007ff94639b000 	C:\WINDOWS\system32\WS2_32.dll
0x00007ff942cc0000 - 0x00007ff942cca000 	C:\WINDOWS\SYSTEM32\VERSION.dll
0x0000000002090000 - 0x00000000020bc000 	C:\WINDOWS\SYSTEM32\WINMMBASE.dll
0x00007ff9454f0000 - 0x00007ff945533000 	C:\WINDOWS\system32\cfgmgr32.dll
0x00000000588b0000 - 0x00000000588bf000 	C:\Program Files\Java\jre1.8.0_71\bin\verify.dll
0x0000000058880000 - 0x00000000588a9000 	C:\Program Files\Java\jre1.8.0_71\bin\java.dll
0x0000000058860000 - 0x0000000058876000 	C:\Program Files\Java\jre1.8.0_71\bin\zip.dll

VM Arguments:
jvm_args: -Dfile.encoding=Cp1252 
java_command: Source.HoehelRoete
java_class_path (initial): C:\Users\Mathijs\workspace\Graphs\bin;C:\Users\Mathijs\workspace\Graphs\src\gs-core-1.3\gs-core-1.3.jar;C:\Users\Mathijs\workspace\Graphs\src\gs-algo-1.3\gs-algo-1.3.jar
Launcher Type: SUN_STANDARD

Environment Variables:
PATH=C:/Program Files/Java/jre1.8.0_71/bin/server;C:/Program Files/Java/jre1.8.0_71/bin;C:/Program Files/Java/jre1.8.0_71/lib/amd64;c:\Software\octave3.6.4\bin;C:\Program Files (x86)\Qucs\bin;C:\ProgramData\Oracle\Java\javapath;C:\WINDOWS\system32;C:\WINDOWS;C:\WINDOWS\System32\Wbem;C:\WINDOWS\System32\WindowsPowerShell\v1.0\;C:\Program Files\MATLAB\R2015b\runtime\win64;C:\Program Files\MATLAB\R2015b\bin;C:\WINDOWS\system32\config\systemprofile\.dnx\bin;C:\Program Files\Microsoft DNX\Dnvm\;C:\Program Files\Microsoft SQL Server\120\Tools\Binn\;C:\Program Files (x86)\mingw32\bin;C:\Program Files (x86)\Skype\Phone\;C:\Program Files\Git\cmd;C:\MinGW\msys\1.0\bin;C:\Program Files (x86)\GNU Tools ARM Embedded\5.2 2015q4\bin;C:\Modeltech_pe_edu_10.4a\win32pe_edu;C:\Users\Mathijs\Desktop;
USERNAME=Mathijs
OS=Windows_NT
PROCESSOR_IDENTIFIER=Intel64 Family 6 Model 60 Stepping 3, GenuineIntel



---------------  S Y S T E M  ---------------

OS: Windows 10.0 , 64 bit Build 10586 (10.0.10586.0)

CPU:total 8 (4 cores per cpu, 2 threads per core) family 6 model 60 stepping 3, cmov, cx8, fxsr, mmx, sse, sse2, sse3, ssse3, sse4.1, sse4.2, popcnt, avx, avx2, aes, clmul, erms, lzcnt, ht, tsc, tscinvbit, bmi1, bmi2

Memory: 4k page, physical 8268860k(2736904k free), swap 9317436k(5780k free)

vm_info: Java HotSpot(TM) 64-Bit Server VM (25.71-b15) for windows-amd64 JRE (1.8.0_71-b15), built on Dec 22 2015 18:15:55 by "java_re" with MS VC++ 10.0 (VS2010)

time: Wed May 11 18:24:58 2016
elapsed time: 0 seconds (0d 0h 0m 0s)

